{"/Users/navidlarijani/Github/CS-SIF/packages/did-gateway/src/index.ts": {"path":"/Users/navidlarijani/Github/CS-SIF/packages/did-gateway/src/index.ts","statementMap":{"0":{"start":{"line":1,"column":0},"end":{"line":1,"column":34}},"1":{"start":{"line":2,"column":0},"end":{"line":2,"column":28}}},"fnMap":{},"branchMap":{},"s":{"0":0,"1":0},"f":{},"b":{}}
,"/Users/navidlarijani/Github/CS-SIF/packages/did-gateway/src/lib/did-gateway.ts": {"path":"/Users/navidlarijani/Github/CS-SIF/packages/did-gateway/src/lib/did-gateway.ts","statementMap":{"0":{"start":{"line":1,"column":0},"end":{"line":1,"column":null}},"1":{"start":{"line":7,"column":0},"end":{"line":7,"column":42}},"2":{"start":{"line":8,"column":0},"end":{"line":8,"column":50}},"3":{"start":{"line":9,"column":0},"end":{"line":9,"column":45}},"4":{"start":{"line":15,"column":10},"end":{"line":15,"column":51}},"5":{"start":{"line":19,"column":4},"end":{"line":19,"column":53}},"6":{"start":{"line":20,"column":4},"end":{"line":20,"column":61}},"7":{"start":{"line":21,"column":4},"end":{"line":21,"column":55}},"8":{"start":{"line":32,"column":19},"end":{"line":32,"column":41}},"9":{"start":{"line":33,"column":4},"end":{"line":33,"column":47}},"10":{"start":{"line":40,"column":19},"end":{"line":40,"column":42}},"11":{"start":{"line":41,"column":19},"end":{"line":41,"column":41}},"12":{"start":{"line":42,"column":4},"end":{"line":42,"column":31}},"13":{"start":{"line":53,"column":19},"end":{"line":53,"column":42}},"14":{"start":{"line":54,"column":19},"end":{"line":54,"column":41}},"15":{"start":{"line":55,"column":4},"end":{"line":55,"column":52}},"16":{"start":{"line":65,"column":19},"end":{"line":65,"column":42}},"17":{"start":{"line":66,"column":19},"end":{"line":66,"column":41}},"18":{"start":{"line":67,"column":4},"end":{"line":67,"column":46}},"19":{"start":{"line":74,"column":4},"end":{"line":76,"column":5}},"20":{"start":{"line":75,"column":6},"end":{"line":75,"column":52}},"21":{"start":{"line":78,"column":18},"end":{"line":78,"column":32}},"22":{"start":{"line":79,"column":4},"end":{"line":81,"column":5}},"23":{"start":{"line":80,"column":6},"end":{"line":80,"column":52}},"24":{"start":{"line":83,"column":23},"end":{"line":83,"column":31}},"25":{"start":{"line":85,"column":4},"end":{"line":91,"column":5}},"26":{"start":{"line":86,"column":6},"end":{"line":86,"column":27}},"27":{"start":{"line":87,"column":11},"end":{"line":91,"column":5}},"28":{"start":{"line":88,"column":6},"end":{"line":88,"column":31}},"29":{"start":{"line":89,"column":11},"end":{"line":91,"column":5}},"30":{"start":{"line":90,"column":6},"end":{"line":90,"column":28}},"31":{"start":{"line":93,"column":4},"end":{"line":93,"column":61}},"32":{"start":{"line":100,"column":19},"end":{"line":100,"column":43}},"33":{"start":{"line":101,"column":4},"end":{"line":103,"column":5}},"34":{"start":{"line":102,"column":6},"end":{"line":102,"column":63}},"35":{"start":{"line":104,"column":4},"end":{"line":104,"column":18}},"36":{"start":{"line":111,"column":4},"end":{"line":111,"column":37}},"37":{"start":{"line":14,"column":0},"end":{"line":14,"column":13}}},"fnMap":{"0":{"name":"(anonymous_0)","decl":{"start":{"line":17,"column":2},"end":{"line":17,"column":null}},"loc":{"start":{"line":17,"column":2},"end":{"line":22,"column":3}}},"1":{"name":"(anonymous_1)","decl":{"start":{"line":27,"column":2},"end":{"line":27,"column":7}},"loc":{"start":{"line":30,"column":23},"end":{"line":34,"column":3}}},"2":{"name":"(anonymous_2)","decl":{"start":{"line":39,"column":2},"end":{"line":39,"column":7}},"loc":{"start":{"line":39,"column":27},"end":{"line":43,"column":3}}},"3":{"name":"(anonymous_3)","decl":{"start":{"line":48,"column":2},"end":{"line":48,"column":7}},"loc":{"start":{"line":51,"column":22},"end":{"line":56,"column":3}}},"4":{"name":"(anonymous_4)","decl":{"start":{"line":61,"column":2},"end":{"line":61,"column":7}},"loc":{"start":{"line":63,"column":22},"end":{"line":68,"column":3}}},"5":{"name":"(anonymous_5)","decl":{"start":{"line":73,"column":10},"end":{"line":73,"column":23}},"loc":{"start":{"line":73,"column":35},"end":{"line":94,"column":3}}},"6":{"name":"(anonymous_6)","decl":{"start":{"line":99,"column":10},"end":{"line":99,"column":19}},"loc":{"start":{"line":99,"column":37},"end":{"line":105,"column":3}}},"7":{"name":"(anonymous_7)","decl":{"start":{"line":110,"column":2},"end":{"line":110,"column":16}},"loc":{"start":{"line":110,"column":47},"end":{"line":112,"column":3}}}},"branchMap":{"0":{"loc":{"start":{"line":74,"column":4},"end":{"line":76,"column":5}},"type":"if","locations":[{"start":{"line":74,"column":4},"end":{"line":76,"column":5}}]},"1":{"loc":{"start":{"line":79,"column":4},"end":{"line":81,"column":5}},"type":"if","locations":[{"start":{"line":79,"column":4},"end":{"line":81,"column":5}}]},"2":{"loc":{"start":{"line":85,"column":4},"end":{"line":91,"column":5}},"type":"if","locations":[{"start":{"line":85,"column":4},"end":{"line":91,"column":5}},{"start":{"line":87,"column":11},"end":{"line":91,"column":5}}]},"3":{"loc":{"start":{"line":87,"column":11},"end":{"line":91,"column":5}},"type":"if","locations":[{"start":{"line":87,"column":11},"end":{"line":91,"column":5}},{"start":{"line":89,"column":11},"end":{"line":91,"column":5}}]},"4":{"loc":{"start":{"line":89,"column":11},"end":{"line":91,"column":5}},"type":"if","locations":[{"start":{"line":89,"column":11},"end":{"line":91,"column":5}}]},"5":{"loc":{"start":{"line":101,"column":4},"end":{"line":103,"column":5}},"type":"if","locations":[{"start":{"line":101,"column":4},"end":{"line":103,"column":5}}]}},"s":{"0":2,"1":2,"2":2,"3":2,"4":12,"5":12,"6":12,"7":12,"8":3,"9":3,"10":5,"11":3,"12":3,"13":2,"14":2,"15":2,"16":2,"17":2,"18":2,"19":9,"20":1,"21":8,"22":8,"23":0,"24":8,"25":8,"26":2,"27":6,"28":2,"29":4,"30":3,"31":1,"32":10,"33":10,"34":0,"35":10,"36":0,"37":2},"f":{"0":12,"1":3,"2":5,"3":2,"4":2,"5":9,"6":10,"7":0},"b":{"0":[1],"1":[0],"2":[2,6],"3":[2,4],"4":[3],"5":[0]}}
,"/Users/navidlarijani/Github/CS-SIF/packages/did-gateway/src/lib/types.ts": {"path":"/Users/navidlarijani/Github/CS-SIF/packages/did-gateway/src/lib/types.ts","statementMap":{"0":{"start":{"line":4,"column":0},"end":{"line":4,"column":null}},"1":{"start":{"line":5,"column":2},"end":{"line":5,"column":null}},"2":{"start":{"line":6,"column":2},"end":{"line":6,"column":null}},"3":{"start":{"line":7,"column":2},"end":{"line":7,"column":null}},"4":{"start":{"line":65,"column":0},"end":{"line":65,"column":null}},"5":{"start":{"line":66,"column":2},"end":{"line":66,"column":null}},"6":{"start":{"line":67,"column":2},"end":{"line":67,"column":null}},"7":{"start":{"line":68,"column":2},"end":{"line":68,"column":null}},"8":{"start":{"line":69,"column":2},"end":{"line":69,"column":null}}},"fnMap":{"0":{"name":"(anonymous_0)","decl":{"start":{"line":4,"column":0},"end":{"line":4,"column":12}},"loc":{"start":{"line":4,"column":21},"end":{"line":8,"column":1}}},"1":{"name":"(anonymous_1)","decl":{"start":{"line":65,"column":0},"end":{"line":65,"column":12}},"loc":{"start":{"line":65,"column":28},"end":{"line":70,"column":1}}}},"branchMap":{"0":{"loc":{"start":{"line":4,"column":12},"end":{"line":4,"column":null}},"type":"binary-expr","locations":[{"start":{"line":4,"column":12},"end":{"line":4,"column":21}},{"start":{"line":4,"column":21},"end":{"line":4,"column":null}}]},"1":{"loc":{"start":{"line":65,"column":12},"end":{"line":65,"column":null}},"type":"binary-expr","locations":[{"start":{"line":65,"column":12},"end":{"line":65,"column":28}},{"start":{"line":65,"column":28},"end":{"line":65,"column":null}}]}},"s":{"0":2,"1":2,"2":2,"3":2,"4":2,"5":2,"6":2,"7":2,"8":2},"f":{"0":2,"1":2},"b":{"0":[2,2],"1":[2,2]}}
,"/Users/navidlarijani/Github/CS-SIF/packages/did-gateway/src/lib/drivers/ion.ts": {"path":"/Users/navidlarijani/Github/CS-SIF/packages/did-gateway/src/lib/drivers/ion.ts","statementMap":{"0":{"start":{"line":2,"column":0},"end":{"line":2,"column":57}},"1":{"start":{"line":15,"column":4},"end":{"line":46,"column":5}},"2":{"start":{"line":17,"column":19},"end":{"line":23,"column":47}},"3":{"start":{"line":26,"column":18},"end":{"line":28,"column":8}},"4":{"start":{"line":31,"column":28},"end":{"line":31,"column":59}},"5":{"start":{"line":32,"column":29},"end":{"line":32,"column":60}},"6":{"start":{"line":34,"column":6},"end":{"line":43,"column":8}},"7":{"start":{"line":45,"column":6},"end":{"line":45,"column":43}},"8":{"start":{"line":53,"column":4},"end":{"line":71,"column":5}},"9":{"start":{"line":54,"column":23},"end":{"line":54,"column":45}},"10":{"start":{"line":57,"column":21},"end":{"line":57,"column":53}},"11":{"start":{"line":59,"column":6},"end":{"line":68,"column":8}},"12":{"start":{"line":70,"column":6},"end":{"line":70,"column":43}},"13":{"start":{"line":82,"column":4},"end":{"line":117,"column":5}},"14":{"start":{"line":84,"column":19},"end":{"line":88,"column":8}},"15":{"start":{"line":91,"column":21},"end":{"line":91,"column":44}},"16":{"start":{"line":94,"column":6},"end":{"line":94,"column":63}},"17":{"start":{"line":97,"column":28},"end":{"line":97,"column":62}},"18":{"start":{"line":98,"column":29},"end":{"line":98,"column":60}},"19":{"start":{"line":102,"column":8},"end":{"line":103,"column":30}},"20":{"start":{"line":105,"column":6},"end":{"line":114,"column":8}},"21":{"start":{"line":116,"column":6},"end":{"line":116,"column":43}},"22":{"start":{"line":127,"column":4},"end":{"line":156,"column":5}},"23":{"start":{"line":129,"column":19},"end":{"line":133,"column":8}},"24":{"start":{"line":136,"column":21},"end":{"line":136,"column":44}},"25":{"start":{"line":139,"column":32},"end":{"line":139,"column":76}},"26":{"start":{"line":140,"column":6},"end":{"line":140,"column":42}},"27":{"start":{"line":143,"column":26},"end":{"line":143,"column":48}},"28":{"start":{"line":145,"column":6},"end":{"line":153,"column":8}},"29":{"start":{"line":155,"column":6},"end":{"line":155,"column":43}},"30":{"start":{"line":165,"column":4},"end":{"line":167,"column":6}},"31":{"start":{"line":174,"column":4},"end":{"line":181,"column":6}},"32":{"start":{"line":7,"column":0},"end":{"line":7,"column":13}}},"fnMap":{"0":{"name":"(anonymous_9)","decl":{"start":{"line":11,"column":2},"end":{"line":11,"column":7}},"loc":{"start":{"line":13,"column":23},"end":{"line":47,"column":3}}},"1":{"name":"(anonymous_10)","decl":{"start":{"line":52,"column":2},"end":{"line":52,"column":7}},"loc":{"start":{"line":52,"column":27},"end":{"line":72,"column":3}}},"2":{"name":"(anonymous_11)","decl":{"start":{"line":77,"column":2},"end":{"line":77,"column":7}},"loc":{"start":{"line":80,"column":22},"end":{"line":118,"column":3}}},"3":{"name":"(anonymous_12)","decl":{"start":{"line":123,"column":2},"end":{"line":123,"column":7}},"loc":{"start":{"line":125,"column":22},"end":{"line":157,"column":3}}},"4":{"name":"(anonymous_13)","decl":{"start":{"line":162,"column":10},"end":{"line":162,"column":32}},"loc":{"start":{"line":162,"column":63},"end":{"line":168,"column":3}}},"5":{"name":"(anonymous_14)","decl":{"start":{"line":173,"column":10},"end":{"line":173,"column":27}},"loc":{"start":{"line":173,"column":40},"end":{"line":182,"column":3}}}},"branchMap":{"0":{"loc":{"start":{"line":17,"column":19},"end":{"line":23,"column":47}},"type":"cond-expr","locations":[{"start":{"line":18,"column":10},"end":{"line":22,"column":12}},{"start":{"line":23,"column":10},"end":{"line":23,"column":47}}]},"1":{"loc":{"start":{"line":57,"column":21},"end":{"line":57,"column":53}},"type":"binary-expr","locations":[{"start":{"line":57,"column":21},"end":{"line":57,"column":41}},{"start":{"line":57,"column":45},"end":{"line":57,"column":53}}]},"2":{"loc":{"start":{"line":102,"column":8},"end":{"line":103,"column":30}},"type":"binary-expr","locations":[{"start":{"line":102,"column":8},"end":{"line":102,"column":56}},{"start":{"line":103,"column":8},"end":{"line":103,"column":30}}]}},"s":{"0":1,"1":1,"2":1,"3":1,"4":1,"5":1,"6":1,"7":0,"8":2,"9":2,"10":1,"11":1,"12":1,"13":0,"14":0,"15":0,"16":0,"17":0,"18":0,"19":0,"20":0,"21":0,"22":0,"23":0,"24":0,"25":0,"26":0,"27":0,"28":0,"29":0,"30":1,"31":1,"32":1},"f":{"0":1,"1":2,"2":0,"3":0,"4":1,"5":1},"b":{"0":[0,1],"1":[1,1],"2":[0,0]}}
,"/Users/navidlarijani/Github/CS-SIF/packages/did-gateway/src/methods/xrpl.ts": {"path":"/Users/navidlarijani/Github/CS-SIF/packages/did-gateway/src/methods/xrpl.ts","statementMap":{"0":{"start":{"line":2,"column":0},"end":{"line":2,"column":null}},"1":{"start":{"line":17,"column":10},"end":{"line":17,"column":39}},"2":{"start":{"line":25,"column":4},"end":{"line":25,"column":27}},"3":{"start":{"line":32,"column":4},"end":{"line":35,"column":5}},"4":{"start":{"line":33,"column":6},"end":{"line":33,"column":45}},"5":{"start":{"line":34,"column":6},"end":{"line":34,"column":34}},"6":{"start":{"line":36,"column":4},"end":{"line":36,"column":23}},"7":{"start":{"line":43,"column":4},"end":{"line":46,"column":5}},"8":{"start":{"line":44,"column":6},"end":{"line":44,"column":37}},"9":{"start":{"line":45,"column":6},"end":{"line":45,"column":25}},"10":{"start":{"line":59,"column":4},"end":{"line":120,"column":5}},"11":{"start":{"line":60,"column":21},"end":{"line":60,"column":44}},"12":{"start":{"line":63,"column":21},"end":{"line":65,"column":27}},"13":{"start":{"line":68,"column":6},"end":{"line":72,"column":7}},"14":{"start":{"line":75,"column":18},"end":{"line":75,"column":46}},"15":{"start":{"line":79,"column":29},"end":{"line":83,"column":null}},"16":{"start":{"line":86,"column":25},"end":{"line":91,"column":15}},"17":{"start":{"line":94,"column":23},"end":{"line":94,"column":56}},"18":{"start":{"line":95,"column":21},"end":{"line":95,"column":42}},"19":{"start":{"line":96,"column":21},"end":{"line":96,"column":63}},"20":{"start":{"line":98,"column":6},"end":{"line":98,"column":31}},"21":{"start":{"line":101,"column":39},"end":{"line":104,"column":8}},"22":{"start":{"line":107,"column":6},"end":{"line":116,"column":8}},"23":{"start":{"line":118,"column":6},"end":{"line":118,"column":31}},"24":{"start":{"line":119,"column":6},"end":{"line":119,"column":43}},"25":{"start":{"line":129,"column":4},"end":{"line":173,"column":5}},"26":{"start":{"line":131,"column":22},"end":{"line":131,"column":53}},"27":{"start":{"line":133,"column":21},"end":{"line":133,"column":44}},"28":{"start":{"line":136,"column":26},"end":{"line":140,"column":8}},"29":{"start":{"line":142,"column":6},"end":{"line":142,"column":31}},"30":{"start":{"line":147,"column":6},"end":{"line":161,"column":7}},"31":{"start":{"line":149,"column":26},"end":{"line":149,"column":64}},"32":{"start":{"line":150,"column":29},"end":{"line":150,"column":75}},"33":{"start":{"line":152,"column":8},"end":{"line":157,"column":9}},"34":{"start":{"line":153,"column":10},"end":{"line":153,"column":49}},"35":{"start":{"line":156,"column":10},"end":{"line":156,"column":36}},"36":{"start":{"line":160,"column":8},"end":{"line":160,"column":34}},"37":{"start":{"line":163,"column":6},"end":{"line":169,"column":8}},"38":{"start":{"line":171,"column":6},"end":{"line":171,"column":31}},"39":{"start":{"line":172,"column":6},"end":{"line":172,"column":43}},"40":{"start":{"line":188,"column":4},"end":{"line":241,"column":5}},"41":{"start":{"line":190,"column":22},"end":{"line":190,"column":53}},"42":{"start":{"line":192,"column":21},"end":{"line":192,"column":44}},"43":{"start":{"line":193,"column":21},"end":{"line":193,"column":48}},"44":{"start":{"line":196,"column":6},"end":{"line":198,"column":7}},"45":{"start":{"line":197,"column":8},"end":{"line":197,"column":66}},"46":{"start":{"line":201,"column":29},"end":{"line":205,"column":null}},"47":{"start":{"line":208,"column":25},"end":{"line":212,"column":15}},"48":{"start":{"line":215,"column":23},"end":{"line":215,"column":56}},"49":{"start":{"line":216,"column":21},"end":{"line":216,"column":42}},"50":{"start":{"line":217,"column":21},"end":{"line":217,"column":63}},"51":{"start":{"line":219,"column":6},"end":{"line":219,"column":31}},"52":{"start":{"line":222,"column":39},"end":{"line":225,"column":8}},"53":{"start":{"line":228,"column":6},"end":{"line":237,"column":8}},"54":{"start":{"line":239,"column":6},"end":{"line":239,"column":31}},"55":{"start":{"line":240,"column":6},"end":{"line":240,"column":43}},"56":{"start":{"line":254,"column":4},"end":{"line":293,"column":5}},"57":{"start":{"line":256,"column":22},"end":{"line":256,"column":53}},"58":{"start":{"line":258,"column":21},"end":{"line":258,"column":44}},"59":{"start":{"line":259,"column":21},"end":{"line":259,"column":48}},"60":{"start":{"line":262,"column":6},"end":{"line":264,"column":7}},"61":{"start":{"line":263,"column":8},"end":{"line":263,"column":66}},"62":{"start":{"line":267,"column":25},"end":{"line":271,"column":15}},"63":{"start":{"line":274,"column":23},"end":{"line":274,"column":56}},"64":{"start":{"line":275,"column":21},"end":{"line":275,"column":42}},"65":{"start":{"line":276,"column":21},"end":{"line":276,"column":63}},"66":{"start":{"line":278,"column":6},"end":{"line":278,"column":31}},"67":{"start":{"line":281,"column":6},"end":{"line":289,"column":8}},"68":{"start":{"line":291,"column":6},"end":{"line":291,"column":31}},"69":{"start":{"line":292,"column":6},"end":{"line":292,"column":43}},"70":{"start":{"line":302,"column":4},"end":{"line":304,"column":5}},"71":{"start":{"line":303,"column":6},"end":{"line":303,"column":57}},"72":{"start":{"line":306,"column":18},"end":{"line":306,"column":32}},"73":{"start":{"line":307,"column":4},"end":{"line":309,"column":5}},"74":{"start":{"line":308,"column":6},"end":{"line":308,"column":57}},"75":{"start":{"line":311,"column":4},"end":{"line":311,"column":20}},"76":{"start":{"line":320,"column":4},"end":{"line":327,"column":6}},"77":{"start":{"line":16,"column":0},"end":{"line":16,"column":13}}},"fnMap":{"0":{"name":"(anonymous_0)","decl":{"start":{"line":24,"column":2},"end":{"line":24,"column":14}},"loc":{"start":{"line":24,"column":55},"end":{"line":26,"column":3}}},"1":{"name":"(anonymous_1)","decl":{"start":{"line":31,"column":10},"end":{"line":31,"column":15}},"loc":{"start":{"line":31,"column":26},"end":{"line":37,"column":3}}},"2":{"name":"(anonymous_2)","decl":{"start":{"line":42,"column":10},"end":{"line":42,"column":15}},"loc":{"start":{"line":42,"column":27},"end":{"line":47,"column":3}}},"3":{"name":"(anonymous_3)","decl":{"start":{"line":55,"column":2},"end":{"line":55,"column":7}},"loc":{"start":{"line":57,"column":23},"end":{"line":121,"column":3}}},"4":{"name":"(anonymous_4)","decl":{"start":{"line":128,"column":2},"end":{"line":128,"column":7}},"loc":{"start":{"line":128,"column":27},"end":{"line":174,"column":3}}},"5":{"name":"(anonymous_5)","decl":{"start":{"line":183,"column":2},"end":{"line":183,"column":7}},"loc":{"start":{"line":186,"column":22},"end":{"line":242,"column":3}}},"6":{"name":"(anonymous_6)","decl":{"start":{"line":250,"column":2},"end":{"line":250,"column":7}},"loc":{"start":{"line":252,"column":22},"end":{"line":294,"column":3}}},"7":{"name":"(anonymous_7)","decl":{"start":{"line":301,"column":10},"end":{"line":301,"column":31}},"loc":{"start":{"line":301,"column":43},"end":{"line":312,"column":3}}},"8":{"name":"(anonymous_8)","decl":{"start":{"line":319,"column":10},"end":{"line":319,"column":27}},"loc":{"start":{"line":319,"column":40},"end":{"line":328,"column":3}}}},"branchMap":{"0":{"loc":{"start":{"line":24,"column":14},"end":{"line":24,"column":55}},"type":"default-arg","locations":[{"start":{"line":24,"column":32},"end":{"line":24,"column":55}}]},"1":{"loc":{"start":{"line":32,"column":4},"end":{"line":35,"column":5}},"type":"if","locations":[{"start":{"line":32,"column":4},"end":{"line":35,"column":5}}]},"2":{"loc":{"start":{"line":43,"column":4},"end":{"line":46,"column":5}},"type":"if","locations":[{"start":{"line":43,"column":4},"end":{"line":46,"column":5}}]},"3":{"loc":{"start":{"line":43,"column":8},"end":{"line":43,"column":48}},"type":"binary-expr","locations":[{"start":{"line":43,"column":8},"end":{"line":43,"column":19}},{"start":{"line":43,"column":23},"end":{"line":43,"column":48}}]},"4":{"loc":{"start":{"line":63,"column":21},"end":{"line":65,"column":27}},"type":"cond-expr","locations":[{"start":{"line":64,"column":10},"end":{"line":64,"column":37}},{"start":{"line":65,"column":10},"end":{"line":65,"column":27}}]},"5":{"loc":{"start":{"line":68,"column":6},"end":{"line":72,"column":7}},"type":"if","locations":[{"start":{"line":68,"column":6},"end":{"line":72,"column":7}}]},"6":{"loc":{"start":{"line":147,"column":6},"end":{"line":161,"column":7}},"type":"if","locations":[{"start":{"line":147,"column":6},"end":{"line":161,"column":7}},{"start":{"line":158,"column":13},"end":{"line":161,"column":7}}]},"7":{"loc":{"start":{"line":196,"column":6},"end":{"line":198,"column":7}},"type":"if","locations":[{"start":{"line":196,"column":6},"end":{"line":198,"column":7}}]},"8":{"loc":{"start":{"line":262,"column":6},"end":{"line":264,"column":7}},"type":"if","locations":[{"start":{"line":262,"column":6},"end":{"line":264,"column":7}}]},"9":{"loc":{"start":{"line":302,"column":4},"end":{"line":304,"column":5}},"type":"if","locations":[{"start":{"line":302,"column":4},"end":{"line":304,"column":5}}]},"10":{"loc":{"start":{"line":307,"column":4},"end":{"line":309,"column":5}},"type":"if","locations":[{"start":{"line":307,"column":4},"end":{"line":309,"column":5}}]}},"s":{"0":2,"1":19,"2":19,"3":10,"4":10,"5":10,"6":9,"7":11,"8":9,"9":9,"10":3,"11":3,"12":2,"13":2,"14":2,"15":2,"16":2,"17":2,"18":2,"19":2,"20":2,"21":2,"22":2,"23":1,"24":1,"25":4,"26":4,"27":3,"28":3,"29":2,"30":2,"31":1,"32":1,"33":1,"34":1,"35":1,"36":1,"37":2,"38":2,"39":2,"40":2,"41":2,"42":2,"43":2,"44":2,"45":1,"46":1,"47":1,"48":1,"49":1,"50":1,"51":1,"52":1,"53":1,"54":1,"55":1,"56":2,"57":2,"58":2,"59":2,"60":2,"61":1,"62":1,"63":1,"64":1,"65":1,"66":1,"67":1,"68":1,"69":1,"70":8,"71":1,"72":7,"73":7,"74":0,"75":7,"76":5,"77":2},"f":{"0":19,"1":10,"2":11,"3":3,"4":4,"5":2,"6":2,"7":8,"8":5},"b":{"0":[8],"1":[10],"2":[9],"3":[11,10],"4":[1,1],"5":[1],"6":[1,1],"7":[1],"8":[1],"9":[1],"10":[0]}}
}
