TN:
SF:src/index.ts
FNF:0
FNH:0
DA:1,0
DA:2,0
LF:2
LH:0
BRF:0
BRH:0
end_of_record
TN:
SF:src/lib/did-gateway.ts
FN:17,(anonymous_0)
FN:27,(anonymous_1)
FN:39,(anonymous_2)
FN:48,(anonymous_3)
FN:61,(anonymous_4)
FN:73,(anonymous_5)
FN:99,(anonymous_6)
FN:110,(anonymous_7)
FNF:8
FNH:7
FNDA:12,(anonymous_0)
FNDA:3,(anonymous_1)
FNDA:5,(anonymous_2)
FNDA:2,(anonymous_3)
FNDA:2,(anonymous_4)
FNDA:9,(anonymous_5)
FNDA:10,(anonymous_6)
FNDA:0,(anonymous_7)
DA:1,2
DA:7,2
DA:8,2
DA:9,2
DA:14,2
DA:15,12
DA:19,12
DA:20,12
DA:21,12
DA:32,3
DA:33,3
DA:40,5
DA:41,3
DA:42,3
DA:53,2
DA:54,2
DA:55,2
DA:65,2
DA:66,2
DA:67,2
DA:74,9
DA:75,1
DA:78,8
DA:79,8
DA:80,0
DA:83,8
DA:85,8
DA:86,2
DA:87,6
DA:88,2
DA:89,4
DA:90,3
DA:93,1
DA:100,10
DA:101,10
DA:102,0
DA:104,10
DA:111,0
LF:38
LH:35
BRDA:74,0,0,1
BRDA:79,1,0,0
BRDA:85,2,0,2
BRDA:85,2,1,6
BRDA:87,3,0,2
BRDA:87,3,1,4
BRDA:89,4,0,3
BRDA:101,5,0,0
BRF:8
BRH:6
end_of_record
TN:
SF:src/lib/types.ts
FN:4,(anonymous_0)
FN:65,(anonymous_1)
FNF:2
FNH:2
FNDA:2,(anonymous_0)
FNDA:2,(anonymous_1)
DA:4,2
DA:5,2
DA:6,2
DA:7,2
DA:65,2
DA:66,2
DA:67,2
DA:68,2
DA:69,2
LF:9
LH:9
BRDA:4,0,0,2
BRDA:4,0,1,2
BRDA:65,1,0,2
BRDA:65,1,1,2
BRF:4
BRH:4
end_of_record
TN:
SF:src/lib/drivers/ion.ts
FN:11,(anonymous_9)
FN:52,(anonymous_10)
FN:77,(anonymous_11)
FN:123,(anonymous_12)
FN:162,(anonymous_13)
FN:173,(anonymous_14)
FNF:6
FNH:4
FNDA:1,(anonymous_9)
FNDA:2,(anonymous_10)
FNDA:0,(anonymous_11)
FNDA:0,(anonymous_12)
FNDA:1,(anonymous_13)
FNDA:1,(anonymous_14)
DA:2,1
DA:7,1
DA:15,1
DA:17,1
DA:26,1
DA:31,1
DA:32,1
DA:34,1
DA:45,0
DA:53,2
DA:54,2
DA:57,1
DA:59,1
DA:70,1
DA:82,0
DA:84,0
DA:91,0
DA:94,0
DA:97,0
DA:98,0
DA:102,0
DA:105,0
DA:116,0
DA:127,0
DA:129,0
DA:136,0
DA:139,0
DA:140,0
DA:143,0
DA:145,0
DA:155,0
DA:165,1
DA:174,1
LF:33
LH:15
BRDA:17,0,0,0
BRDA:17,0,1,1
BRDA:57,1,0,1
BRDA:57,1,1,1
BRDA:102,2,0,0
BRDA:102,2,1,0
BRF:6
BRH:3
end_of_record
TN:
SF:src/methods/xrpl.ts
FN:24,(anonymous_0)
FN:31,(anonymous_1)
FN:42,(anonymous_2)
FN:55,(anonymous_3)
FN:128,(anonymous_4)
FN:183,(anonymous_5)
FN:250,(anonymous_6)
FN:301,(anonymous_7)
FN:319,(anonymous_8)
FNF:9
FNH:9
FNDA:19,(anonymous_0)
FNDA:10,(anonymous_1)
FNDA:11,(anonymous_2)
FNDA:3,(anonymous_3)
FNDA:4,(anonymous_4)
FNDA:2,(anonymous_5)
FNDA:2,(anonymous_6)
FNDA:8,(anonymous_7)
FNDA:5,(anonymous_8)
DA:2,2
DA:16,2
DA:17,19
DA:25,19
DA:32,10
DA:33,10
DA:34,10
DA:36,9
DA:43,11
DA:44,9
DA:45,9
DA:59,3
DA:60,3
DA:63,2
DA:68,2
DA:75,2
DA:79,2
DA:86,2
DA:94,2
DA:95,2
DA:96,2
DA:98,2
DA:101,2
DA:107,2
DA:118,1
DA:119,1
DA:129,4
DA:131,4
DA:133,3
DA:136,3
DA:142,2
DA:147,2
DA:149,1
DA:150,1
DA:152,1
DA:153,1
DA:156,1
DA:160,1
DA:163,2
DA:171,2
DA:172,2
DA:188,2
DA:190,2
DA:192,2
DA:193,2
DA:196,2
DA:197,1
DA:201,1
DA:208,1
DA:215,1
DA:216,1
DA:217,1
DA:219,1
DA:222,1
DA:228,1
DA:239,1
DA:240,1
DA:254,2
DA:256,2
DA:258,2
DA:259,2
DA:262,2
DA:263,1
DA:267,1
DA:274,1
DA:275,1
DA:276,1
DA:278,1
DA:281,1
DA:291,1
DA:292,1
DA:302,8
DA:303,1
DA:306,7
DA:307,7
DA:308,0
DA:311,7
DA:320,5
LF:78
LH:77
BRDA:24,0,0,8
BRDA:32,1,0,10
BRDA:43,2,0,9
BRDA:43,3,0,11
BRDA:43,3,1,10
BRDA:63,4,0,1
BRDA:63,4,1,1
BRDA:68,5,0,1
BRDA:147,6,0,1
BRDA:147,6,1,1
BRDA:196,7,0,1
BRDA:262,8,0,1
BRDA:302,9,0,1
BRDA:307,10,0,0
BRF:14
BRH:13
end_of_record
